[handleMsg]:  {
  key: {
    remoteJid: '573223552181@s.whatsapp.net',
    fromMe: false,
    id: '3EB0E2CA3EA1548BEC09E3',
    participant: undefined
  },
  messageTimestamp: 1685058973,
  pushName: 'Aurik3',
  message: Message {
    conversation: 'hola',
    messageContextInfo: MessageContextInfo {
      deviceListMetadata: [DeviceListMetadata],
      deviceListMetadataVersion: 2
    }
  },
  body: 'hola',
  from: '573223552181'
}
[handleMsg]:  {
  key: {
    remoteJid: '573223552181@s.whatsapp.net',
    fromMe: false,
    id: '3EB0BF9BC7EF0F0375B012',
    participant: undefined
  },
  messageTimestamp: 1685058987,
  pushName: 'Aurik3',
  message: Message {
    conversation: 'argento',
    messageContextInfo: MessageContextInfo {
      deviceListMetadata: [DeviceListMetadata],
      deviceListMetadataVersion: 2
    }
  },
  body: 'argento',
  from: '573223552181'
}
